2025-12-06 08:26:43 [DEBUG] Controller logger initialised: path=/home/jon/.local/share/EDMarketConnector/plugins/EDMCModernOverlay.disabled/logs/EDMCModernOverlay/overlay_controller.log level=DEBUG retention=5 max_bytes=524288
2025-12-06 08:26:43 [INFO] Controller logger level forced to DEBUG via override
2025-12-06 08:26:43 [DEBUG] Controller logger initialised: path=/home/jon/.local/share/EDMarketConnector/plugins/EDMCModernOverlay.disabled/logs/EDMCModernOverlay/overlay_controller.log level=DEBUG retention=5 max_bytes=524288
2025-12-06 08:26:43 [INFO] Controller logger level forced to DEBUG via dev-mode override (original hint=INFO from env)
2025-12-06 08:29:21 [DEBUG] Controller logger initialised: path=/home/jon/.local/share/EDMarketConnector/plugins/EDMCModernOverlay.disabled/logs/EDMCModernOverlay/overlay_controller.log level=DEBUG retention=5 max_bytes=524288
2025-12-06 08:29:21 [INFO] Controller logger level forced to DEBUG via override
2025-12-06 08:29:21 [DEBUG] Controller logger initialised: path=/home/jon/.local/share/EDMarketConnector/plugins/EDMCModernOverlay.disabled/logs/EDMCModernOverlay/overlay_controller.log level=DEBUG retention=5 max_bytes=524288
2025-12-06 08:29:21 [INFO] Controller logger level forced to DEBUG via dev-mode override (original hint=INFO from env)
2025-12-06 08:29:22 [DEBUG] Controller logger initialised: path=/home/jon/.local/share/EDMarketConnector/plugins/EDMCModernOverlay.disabled/logs/EDMCModernOverlay/overlay_controller.log level=DEBUG retention=5 max_bytes=524288
2025-12-06 08:29:22 [INFO] Controller logger level forced to DEBUG via override
2025-12-06 08:29:22 [DEBUG] Controller logger initialised: path=/home/jon/.local/share/EDMarketConnector/plugins/EDMCModernOverlay.disabled/logs/EDMCModernOverlay/overlay_controller.log level=DEBUG retention=5 max_bytes=524288
2025-12-06 08:29:22 [INFO] Controller logger level forced to DEBUG via dev-mode override (original hint=INFO from env)
2025-12-06 08:30:58 [DEBUG] Controller logger initialised: path=/home/jon/.local/share/EDMarketConnector/plugins/EDMCModernOverlay.disabled/logs/EDMCModernOverlay/overlay_controller.log level=DEBUG retention=5 max_bytes=524288
2025-12-06 08:30:58 [INFO] Controller logger level forced to DEBUG via override
2025-12-06 08:30:58 [DEBUG] Controller logger initialised: path=/home/jon/.local/share/EDMarketConnector/plugins/EDMCModernOverlay.disabled/logs/EDMCModernOverlay/overlay_controller.log level=DEBUG retention=5 max_bytes=524288
2025-12-06 08:30:58 [INFO] Controller logger level forced to DEBUG via dev-mode override (original hint=INFO from env)
2025-12-06 08:31:05 [DEBUG] Controller logger initialised: path=/home/jon/.local/share/EDMarketConnector/plugins/EDMCModernOverlay.disabled/logs/EDMCModernOverlay/overlay_controller.log level=DEBUG retention=5 max_bytes=524288
2025-12-06 08:31:05 [INFO] Controller logger level forced to DEBUG via override
2025-12-06 08:31:05 [DEBUG] Controller logger initialised: path=/home/jon/.local/share/EDMarketConnector/plugins/EDMCModernOverlay.disabled/logs/EDMCModernOverlay/overlay_controller.log level=DEBUG retention=5 max_bytes=524288
2025-12-06 08:31:05 [INFO] Controller logger level forced to DEBUG via dev-mode override (original hint=INFO from env)
2025-12-06 08:31:41 [DEBUG] Controller logger initialised: path=/home/jon/.local/share/EDMarketConnector/plugins/EDMCModernOverlay.disabled/logs/EDMCModernOverlay/overlay_controller.log level=DEBUG retention=5 max_bytes=524288
2025-12-06 08:31:41 [INFO] Controller logger level forced to DEBUG via override
2025-12-06 08:31:41 [DEBUG] Controller logger initialised: path=/home/jon/.local/share/EDMarketConnector/plugins/EDMCModernOverlay.disabled/logs/EDMCModernOverlay/overlay_controller.log level=DEBUG retention=5 max_bytes=524288
2025-12-06 08:31:41 [INFO] Controller logger level forced to DEBUG via dev-mode override (original hint=INFO from env)
2025-12-06 08:32:16 [DEBUG] Controller logger initialised: path=/home/jon/.local/share/EDMarketConnector/plugins/EDMCModernOverlay.disabled/logs/EDMCModernOverlay/overlay_controller.log level=DEBUG retention=5 max_bytes=524288
2025-12-06 08:32:16 [INFO] Controller logger level forced to DEBUG via override
2025-12-06 08:32:16 [DEBUG] Controller logger initialised: path=/home/jon/.local/share/EDMarketConnector/plugins/EDMCModernOverlay.disabled/logs/EDMCModernOverlay/overlay_controller.log level=DEBUG retention=5 max_bytes=524288
2025-12-06 08:32:16 [INFO] Controller logger level forced to DEBUG via dev-mode override (original hint=INFO from env)
2025-12-06 08:32:17 [DEBUG] Controller logger initialised: path=/home/jon/.local/share/EDMarketConnector/plugins/EDMCModernOverlay.disabled/logs/EDMCModernOverlay/overlay_controller.log level=DEBUG retention=5 max_bytes=524288
2025-12-06 08:32:17 [INFO] Controller logger level forced to DEBUG via override
2025-12-06 08:32:17 [DEBUG] Controller logger initialised: path=/home/jon/.local/share/EDMarketConnector/plugins/EDMCModernOverlay.disabled/logs/EDMCModernOverlay/overlay_controller.log level=DEBUG retention=5 max_bytes=524288
2025-12-06 08:32:17 [INFO] Controller logger level forced to DEBUG via dev-mode override (original hint=INFO from env)
2025-12-06 08:32:46 [DEBUG] Controller logger initialised: path=/home/jon/.local/share/EDMarketConnector/plugins/EDMCModernOverlay.disabled/logs/EDMCModernOverlay/overlay_controller.log level=DEBUG retention=5 max_bytes=524288
2025-12-06 08:32:46 [INFO] Controller logger level forced to DEBUG via override
2025-12-06 08:32:46 [DEBUG] Controller logger initialised: path=/home/jon/.local/share/EDMarketConnector/plugins/EDMCModernOverlay.disabled/logs/EDMCModernOverlay/overlay_controller.log level=DEBUG retention=5 max_bytes=524288
2025-12-06 08:32:46 [INFO] Controller logger level forced to DEBUG via dev-mode override (original hint=INFO from env)
2025-12-06 08:32:47 [DEBUG] Controller logger initialised: path=/home/jon/.local/share/EDMarketConnector/plugins/EDMCModernOverlay.disabled/logs/EDMCModernOverlay/overlay_controller.log level=DEBUG retention=5 max_bytes=524288
2025-12-06 08:32:47 [INFO] Controller logger level forced to DEBUG via override
2025-12-06 08:32:47 [DEBUG] Controller logger initialised: path=/home/jon/.local/share/EDMarketConnector/plugins/EDMCModernOverlay.disabled/logs/EDMCModernOverlay/overlay_controller.log level=DEBUG retention=5 max_bytes=524288
2025-12-06 08:32:47 [INFO] Controller logger level forced to DEBUG via dev-mode override (original hint=INFO from env)
2025-12-06 08:32:48 [DEBUG] Controller logger initialised: path=/home/jon/.local/share/EDMarketConnector/plugins/EDMCModernOverlay.disabled/logs/EDMCModernOverlay/overlay_controller.log level=DEBUG retention=5 max_bytes=524288
2025-12-06 08:32:48 [INFO] Controller logger level forced to DEBUG via override
2025-12-06 08:32:48 [DEBUG] Controller logger initialised: path=/home/jon/.local/share/EDMarketConnector/plugins/EDMCModernOverlay.disabled/logs/EDMCModernOverlay/overlay_controller.log level=DEBUG retention=5 max_bytes=524288
2025-12-06 08:32:48 [INFO] Controller logger level forced to DEBUG via dev-mode override (original hint=INFO from env)
2025-12-06 08:35:36 [DEBUG] Controller logger initialised: path=/home/jon/.local/share/EDMarketConnector/plugins/EDMCModernOverlay.disabled/logs/EDMCModernOverlay/overlay_controller.log level=DEBUG retention=5 max_bytes=524288
2025-12-06 08:35:36 [INFO] Controller logger level forced to DEBUG via override
2025-12-06 08:35:36 [DEBUG] Controller logger initialised: path=/home/jon/.local/share/EDMarketConnector/plugins/EDMCModernOverlay.disabled/logs/EDMCModernOverlay/overlay_controller.log level=DEBUG retention=5 max_bytes=524288
2025-12-06 08:35:36 [INFO] Controller logger level forced to DEBUG via dev-mode override (original hint=INFO from env)
2025-12-06 08:35:38 [DEBUG] Controller logger initialised: path=/home/jon/.local/share/EDMarketConnector/plugins/EDMCModernOverlay.disabled/logs/EDMCModernOverlay/overlay_controller.log level=DEBUG retention=5 max_bytes=524288
2025-12-06 08:35:38 [INFO] Controller logger level forced to DEBUG via override
2025-12-06 08:35:38 [DEBUG] Controller logger initialised: path=/home/jon/.local/share/EDMarketConnector/plugins/EDMCModernOverlay.disabled/logs/EDMCModernOverlay/overlay_controller.log level=DEBUG retention=5 max_bytes=524288
2025-12-06 08:35:38 [INFO] Controller logger level forced to DEBUG via dev-mode override (original hint=INFO from env)
2025-12-06 08:35:38 [DEBUG] Controller logger initialised: path=/home/jon/.local/share/EDMarketConnector/plugins/EDMCModernOverlay.disabled/logs/EDMCModernOverlay/overlay_controller.log level=DEBUG retention=5 max_bytes=524288
2025-12-06 08:35:38 [INFO] Controller logger level forced to DEBUG via override
2025-12-06 08:35:38 [DEBUG] Controller logger initialised: path=/home/jon/.local/share/EDMarketConnector/plugins/EDMCModernOverlay.disabled/logs/EDMCModernOverlay/overlay_controller.log level=DEBUG retention=5 max_bytes=524288
2025-12-06 08:35:38 [INFO] Controller logger level forced to DEBUG via dev-mode override (original hint=INFO from env)
2025-12-06 08:37:22 [DEBUG] Controller logger initialised: path=/home/jon/.local/share/EDMarketConnector/plugins/EDMCModernOverlay.disabled/logs/EDMCModernOverlay/overlay_controller.log level=DEBUG retention=5 max_bytes=524288
2025-12-06 08:37:22 [INFO] Controller logger level forced to DEBUG via override
2025-12-06 08:37:22 [DEBUG] Controller logger initialised: path=/home/jon/.local/share/EDMarketConnector/plugins/EDMCModernOverlay.disabled/logs/EDMCModernOverlay/overlay_controller.log level=DEBUG retention=5 max_bytes=524288
2025-12-06 08:37:22 [INFO] Controller logger level forced to DEBUG via dev-mode override (original hint=INFO from env)
2025-12-06 08:37:49 [DEBUG] Controller logger initialised: path=/home/jon/.local/share/EDMarketConnector/plugins/EDMCModernOverlay.disabled/logs/EDMCModernOverlay/overlay_controller.log level=DEBUG retention=5 max_bytes=524288
2025-12-06 08:37:49 [INFO] Controller logger level forced to DEBUG via override
2025-12-06 08:37:49 [DEBUG] Controller logger initialised: path=/home/jon/.local/share/EDMarketConnector/plugins/EDMCModernOverlay.disabled/logs/EDMCModernOverlay/overlay_controller.log level=DEBUG retention=5 max_bytes=524288
2025-12-06 08:37:49 [INFO] Controller logger level forced to DEBUG via dev-mode override (original hint=INFO from env)
2025-12-06 08:37:51 [DEBUG] Controller logger initialised: path=/home/jon/.local/share/EDMarketConnector/plugins/EDMCModernOverlay.disabled/logs/EDMCModernOverlay/overlay_controller.log level=DEBUG retention=5 max_bytes=524288
2025-12-06 08:37:51 [INFO] Controller logger level forced to DEBUG via override
2025-12-06 08:37:51 [DEBUG] Controller logger initialised: path=/home/jon/.local/share/EDMarketConnector/plugins/EDMCModernOverlay.disabled/logs/EDMCModernOverlay/overlay_controller.log level=DEBUG retention=5 max_bytes=524288
2025-12-06 08:37:51 [INFO] Controller logger level forced to DEBUG via dev-mode override (original hint=INFO from env)
2025-12-06 08:37:51 [DEBUG] Controller logger initialised: path=/home/jon/.local/share/EDMarketConnector/plugins/EDMCModernOverlay.disabled/logs/EDMCModernOverlay/overlay_controller.log level=DEBUG retention=5 max_bytes=524288
2025-12-06 08:37:51 [INFO] Controller logger level forced to DEBUG via override
2025-12-06 08:37:51 [DEBUG] Controller logger initialised: path=/home/jon/.local/share/EDMarketConnector/plugins/EDMCModernOverlay.disabled/logs/EDMCModernOverlay/overlay_controller.log level=DEBUG retention=5 max_bytes=524288
2025-12-06 08:37:51 [INFO] Controller logger level forced to DEBUG via dev-mode override (original hint=INFO from env)
2025-12-06 08:39:19 [DEBUG] Controller logger initialised: path=/home/jon/.local/share/EDMarketConnector/plugins/EDMCModernOverlay.disabled/logs/EDMCModernOverlay/overlay_controller.log level=DEBUG retention=5 max_bytes=524288
2025-12-06 08:39:19 [INFO] Controller logger level forced to DEBUG via override
2025-12-06 08:39:19 [DEBUG] Controller logger initialised: path=/home/jon/.local/share/EDMarketConnector/plugins/EDMCModernOverlay.disabled/logs/EDMCModernOverlay/overlay_controller.log level=DEBUG retention=5 max_bytes=524288
2025-12-06 08:39:19 [INFO] Controller logger level forced to DEBUG via dev-mode override (original hint=INFO from env)
2025-12-06 08:40:05 [DEBUG] Controller logger initialised: path=/home/jon/.local/share/EDMarketConnector/plugins/EDMCModernOverlay.disabled/logs/EDMCModernOverlay/overlay_controller.log level=DEBUG retention=5 max_bytes=524288
2025-12-06 08:40:05 [INFO] Controller logger level forced to DEBUG via override
2025-12-06 08:40:05 [DEBUG] Controller logger initialised: path=/home/jon/.local/share/EDMarketConnector/plugins/EDMCModernOverlay.disabled/logs/EDMCModernOverlay/overlay_controller.log level=DEBUG retention=5 max_bytes=524288
2025-12-06 08:40:05 [INFO] Controller logger level forced to DEBUG via dev-mode override (original hint=INFO from env)
2025-12-06 08:40:06 [DEBUG] Controller logger initialised: path=/home/jon/.local/share/EDMarketConnector/plugins/EDMCModernOverlay.disabled/logs/EDMCModernOverlay/overlay_controller.log level=DEBUG retention=5 max_bytes=524288
2025-12-06 08:40:06 [INFO] Controller logger level forced to DEBUG via override
2025-12-06 08:40:06 [DEBUG] Controller logger initialised: path=/home/jon/.local/share/EDMarketConnector/plugins/EDMCModernOverlay.disabled/logs/EDMCModernOverlay/overlay_controller.log level=DEBUG retention=5 max_bytes=524288
2025-12-06 08:40:06 [INFO] Controller logger level forced to DEBUG via dev-mode override (original hint=INFO from env)
2025-12-06 08:40:07 [DEBUG] Controller logger initialised: path=/home/jon/.local/share/EDMarketConnector/plugins/EDMCModernOverlay.disabled/logs/EDMCModernOverlay/overlay_controller.log level=DEBUG retention=5 max_bytes=524288
2025-12-06 08:40:07 [INFO] Controller logger level forced to DEBUG via override
2025-12-06 08:40:07 [DEBUG] Controller logger initialised: path=/home/jon/.local/share/EDMarketConnector/plugins/EDMCModernOverlay.disabled/logs/EDMCModernOverlay/overlay_controller.log level=DEBUG retention=5 max_bytes=524288
2025-12-06 08:40:07 [INFO] Controller logger level forced to DEBUG via dev-mode override (original hint=INFO from env)
2025-12-06 08:41:47 [DEBUG] Controller logger initialised: path=/home/jon/.local/share/EDMarketConnector/plugins/EDMCModernOverlay.disabled/logs/EDMCModernOverlay/overlay_controller.log level=DEBUG retention=5 max_bytes=524288
2025-12-06 08:41:47 [INFO] Controller logger level forced to DEBUG via override
2025-12-06 08:41:47 [DEBUG] Controller logger initialised: path=/home/jon/.local/share/EDMarketConnector/plugins/EDMCModernOverlay.disabled/logs/EDMCModernOverlay/overlay_controller.log level=DEBUG retention=5 max_bytes=524288
2025-12-06 08:41:47 [INFO] Controller logger level forced to DEBUG via dev-mode override (original hint=INFO from env)
2025-12-06 08:45:05 [DEBUG] Controller logger initialised: path=/home/jon/.local/share/EDMarketConnector/plugins/EDMCModernOverlay.disabled/logs/EDMCModernOverlay/overlay_controller.log level=DEBUG retention=5 max_bytes=524288
2025-12-06 08:45:05 [INFO] Controller logger level forced to DEBUG via override
2025-12-06 08:45:05 [DEBUG] Controller logger initialised: path=/home/jon/.local/share/EDMarketConnector/plugins/EDMCModernOverlay.disabled/logs/EDMCModernOverlay/overlay_controller.log level=DEBUG retention=5 max_bytes=524288
2025-12-06 08:45:05 [INFO] Controller logger level forced to DEBUG via dev-mode override (original hint=INFO from env)
2025-12-06 08:46:50 [DEBUG] Controller logger initialised: path=/home/jon/.local/share/EDMarketConnector/plugins/EDMCModernOverlay.disabled/logs/EDMCModernOverlay/overlay_controller.log level=DEBUG retention=5 max_bytes=524288
2025-12-06 08:46:50 [INFO] Controller logger level forced to DEBUG via override
2025-12-06 08:46:50 [DEBUG] Controller logger initialised: path=/home/jon/.local/share/EDMarketConnector/plugins/EDMCModernOverlay.disabled/logs/EDMCModernOverlay/overlay_controller.log level=DEBUG retention=5 max_bytes=524288
2025-12-06 08:46:50 [INFO] Controller logger level forced to DEBUG via dev-mode override (original hint=INFO from env)
2025-12-06 08:47:05 [DEBUG] Controller logger initialised: path=/home/jon/.local/share/EDMarketConnector/plugins/EDMCModernOverlay.disabled/logs/EDMCModernOverlay/overlay_controller.log level=DEBUG retention=5 max_bytes=524288
2025-12-06 08:47:05 [INFO] Controller logger level forced to DEBUG via override
2025-12-06 08:47:05 [DEBUG] Controller logger initialised: path=/home/jon/.local/share/EDMarketConnector/plugins/EDMCModernOverlay.disabled/logs/EDMCModernOverlay/overlay_controller.log level=DEBUG retention=5 max_bytes=524288
2025-12-06 08:47:05 [INFO] Controller logger level forced to DEBUG via dev-mode override (original hint=INFO from env)
2025-12-06 08:47:07 [DEBUG] Controller logger initialised: path=/home/jon/.local/share/EDMarketConnector/plugins/EDMCModernOverlay.disabled/logs/EDMCModernOverlay/overlay_controller.log level=DEBUG retention=5 max_bytes=524288
2025-12-06 08:47:07 [INFO] Controller logger level forced to DEBUG via override
2025-12-06 08:47:07 [DEBUG] Controller logger initialised: path=/home/jon/.local/share/EDMarketConnector/plugins/EDMCModernOverlay.disabled/logs/EDMCModernOverlay/overlay_controller.log level=DEBUG retention=5 max_bytes=524288
2025-12-06 08:47:07 [INFO] Controller logger level forced to DEBUG via dev-mode override (original hint=INFO from env)
2025-12-06 08:47:08 [DEBUG] Controller logger initialised: path=/home/jon/.local/share/EDMarketConnector/plugins/EDMCModernOverlay.disabled/logs/EDMCModernOverlay/overlay_controller.log level=DEBUG retention=5 max_bytes=524288
2025-12-06 08:47:08 [INFO] Controller logger level forced to DEBUG via override
2025-12-06 08:47:08 [DEBUG] Controller logger initialised: path=/home/jon/.local/share/EDMarketConnector/plugins/EDMCModernOverlay.disabled/logs/EDMCModernOverlay/overlay_controller.log level=DEBUG retention=5 max_bytes=524288
2025-12-06 08:47:08 [INFO] Controller logger level forced to DEBUG via dev-mode override (original hint=INFO from env)
2025-12-06 08:48:43 [DEBUG] Controller logger initialised: path=/home/jon/.local/share/EDMarketConnector/plugins/EDMCModernOverlay/logs/EDMCModernOverlay/overlay_controller.log level=DEBUG retention=5 max_bytes=524288
2025-12-06 08:48:43 [INFO] Controller logger level forced to DEBUG via override
2025-12-06 08:48:43 [DEBUG] Controller logger initialised: path=/home/jon/.local/share/EDMarketConnector/plugins/EDMCModernOverlay/logs/EDMCModernOverlay/overlay_controller.log level=DEBUG retention=5 max_bytes=524288
2025-12-06 08:48:43 [INFO] Controller logger level forced to DEBUG via dev-mode override (original hint=INFO from env)
2025-12-06 08:48:45 [DEBUG] Controller logger initialised: path=/home/jon/.local/share/EDMarketConnector/plugins/EDMCModernOverlay/logs/EDMCModernOverlay/overlay_controller.log level=DEBUG retention=5 max_bytes=524288
2025-12-06 08:48:45 [INFO] Controller logger level forced to DEBUG via override
2025-12-06 08:48:45 [DEBUG] Controller logger initialised: path=/home/jon/.local/share/EDMarketConnector/plugins/EDMCModernOverlay/logs/EDMCModernOverlay/overlay_controller.log level=DEBUG retention=5 max_bytes=524288
2025-12-06 08:48:45 [INFO] Controller logger level forced to DEBUG via dev-mode override (original hint=INFO from env)
2025-12-06 09:04:54 [DEBUG] Controller logger initialised: path=/home/jon/.local/share/EDMarketConnector/plugins/EDMCModernOverlay/logs/EDMCModernOverlay/overlay_controller.log level=DEBUG retention=5 max_bytes=524288
2025-12-06 09:04:54 [INFO] Controller logger level forced to DEBUG via override
2025-12-06 09:04:54 [DEBUG] Controller logger initialised: path=/home/jon/.local/share/EDMarketConnector/plugins/EDMCModernOverlay/logs/EDMCModernOverlay/overlay_controller.log level=DEBUG retention=5 max_bytes=524288
2025-12-06 09:04:54 [INFO] Controller logger level forced to DEBUG via dev-mode override (original hint=INFO from env)
2025-12-06 09:04:56 [DEBUG] Controller logger initialised: path=/home/jon/.local/share/EDMarketConnector/plugins/EDMCModernOverlay/logs/EDMCModernOverlay/overlay_controller.log level=DEBUG retention=5 max_bytes=524288
2025-12-06 09:04:56 [INFO] Controller logger level forced to DEBUG via override
2025-12-06 09:04:56 [DEBUG] Controller logger initialised: path=/home/jon/.local/share/EDMarketConnector/plugins/EDMCModernOverlay/logs/EDMCModernOverlay/overlay_controller.log level=DEBUG retention=5 max_bytes=524288
2025-12-06 09:04:56 [INFO] Controller logger level forced to DEBUG via dev-mode override (original hint=INFO from env)
2025-12-06 09:04:56 [DEBUG] Controller logger initialised: path=/home/jon/.local/share/EDMarketConnector/plugins/EDMCModernOverlay/logs/EDMCModernOverlay/overlay_controller.log level=DEBUG retention=5 max_bytes=524288
2025-12-06 09:04:56 [INFO] Controller logger level forced to DEBUG via override
2025-12-06 09:04:56 [DEBUG] Controller logger initialised: path=/home/jon/.local/share/EDMarketConnector/plugins/EDMCModernOverlay/logs/EDMCModernOverlay/overlay_controller.log level=DEBUG retention=5 max_bytes=524288
2025-12-06 09:04:56 [INFO] Controller logger level forced to DEBUG via dev-mode override (original hint=INFO from env)
2025-12-06 09:05:56 [DEBUG] Controller logger initialised: path=/home/jon/.local/share/EDMarketConnector/plugins/EDMCModernOverlay/logs/EDMCModernOverlay/overlay_controller.log level=DEBUG retention=5 max_bytes=524288
2025-12-06 09:05:56 [INFO] Controller logger level forced to DEBUG via override
2025-12-06 09:05:56 [DEBUG] Controller logger initialised: path=/home/jon/.local/share/EDMarketConnector/plugins/EDMCModernOverlay/logs/EDMCModernOverlay/overlay_controller.log level=DEBUG retention=5 max_bytes=524288
2025-12-06 09:05:56 [INFO] Controller logger level forced to DEBUG via dev-mode override (original hint=INFO from env)
2025-12-06 09:06:02 [DEBUG] Controller logger initialised: path=/home/jon/.local/share/EDMarketConnector/plugins/EDMCModernOverlay/logs/EDMCModernOverlay/overlay_controller.log level=DEBUG retention=5 max_bytes=524288
2025-12-06 09:06:02 [INFO] Controller logger level forced to DEBUG via override
2025-12-06 09:06:02 [DEBUG] Controller logger initialised: path=/home/jon/.local/share/EDMarketConnector/plugins/EDMCModernOverlay/logs/EDMCModernOverlay/overlay_controller.log level=DEBUG retention=5 max_bytes=524288
2025-12-06 09:06:02 [INFO] Controller logger level forced to DEBUG via dev-mode override (original hint=INFO from env)
2025-12-06 09:11:25 [DEBUG] Controller logger initialised: path=/home/jon/.local/share/EDMarketConnector/plugins/EDMCModernOverlay/logs/EDMCModernOverlay/overlay_controller.log level=DEBUG retention=5 max_bytes=524288
2025-12-06 09:11:25 [INFO] Controller logger level forced to DEBUG via override
2025-12-06 09:11:25 [DEBUG] Controller logger initialised: path=/home/jon/.local/share/EDMarketConnector/plugins/EDMCModernOverlay/logs/EDMCModernOverlay/overlay_controller.log level=DEBUG retention=5 max_bytes=524288
2025-12-06 09:11:25 [INFO] Controller logger level forced to DEBUG via dev-mode override (original hint=INFO from env)
2025-12-06 09:11:26 [DEBUG] Controller logger initialised: path=/home/jon/.local/share/EDMarketConnector/plugins/EDMCModernOverlay/logs/EDMCModernOverlay/overlay_controller.log level=DEBUG retention=5 max_bytes=524288
2025-12-06 09:11:26 [INFO] Controller logger level forced to DEBUG via override
2025-12-06 09:11:26 [DEBUG] Controller logger initialised: path=/home/jon/.local/share/EDMarketConnector/plugins/EDMCModernOverlay/logs/EDMCModernOverlay/overlay_controller.log level=DEBUG retention=5 max_bytes=524288
2025-12-06 09:11:26 [INFO] Controller logger level forced to DEBUG via dev-mode override (original hint=INFO from env)
2025-12-06 09:11:27 [DEBUG] Controller logger initialised: path=/home/jon/.local/share/EDMarketConnector/plugins/EDMCModernOverlay/logs/EDMCModernOverlay/overlay_controller.log level=DEBUG retention=5 max_bytes=524288
2025-12-06 09:11:27 [INFO] Controller logger level forced to DEBUG via override
2025-12-06 09:11:27 [DEBUG] Controller logger initialised: path=/home/jon/.local/share/EDMarketConnector/plugins/EDMCModernOverlay/logs/EDMCModernOverlay/overlay_controller.log level=DEBUG retention=5 max_bytes=524288
2025-12-06 09:11:27 [INFO] Controller logger level forced to DEBUG via dev-mode override (original hint=INFO from env)
2025-12-06 09:15:10 [DEBUG] Controller logger initialised: path=/home/jon/.local/share/EDMarketConnector/plugins/EDMCModernOverlay/logs/EDMCModernOverlay/overlay_controller.log level=DEBUG retention=5 max_bytes=524288
2025-12-06 09:15:10 [INFO] Controller logger level forced to DEBUG via override
2025-12-06 09:15:10 [DEBUG] Controller logger initialised: path=/home/jon/.local/share/EDMarketConnector/plugins/EDMCModernOverlay/logs/EDMCModernOverlay/overlay_controller.log level=DEBUG retention=5 max_bytes=524288
2025-12-06 09:15:10 [INFO] Controller logger level forced to DEBUG via dev-mode override (original hint=INFO from env)
2025-12-06 09:15:16 [DEBUG] Controller logger initialised: path=/home/jon/.local/share/EDMarketConnector/plugins/EDMCModernOverlay/logs/EDMCModernOverlay/overlay_controller.log level=DEBUG retention=5 max_bytes=524288
2025-12-06 09:15:16 [INFO] Controller logger level forced to DEBUG via override
2025-12-06 09:15:16 [DEBUG] Controller logger initialised: path=/home/jon/.local/share/EDMarketConnector/plugins/EDMCModernOverlay/logs/EDMCModernOverlay/overlay_controller.log level=DEBUG retention=5 max_bytes=524288
2025-12-06 09:15:16 [INFO] Controller logger level forced to DEBUG via dev-mode override (original hint=INFO from env)
2025-12-06 09:15:24 [DEBUG] Controller logger initialised: path=/home/jon/.local/share/EDMarketConnector/plugins/EDMCModernOverlay/logs/EDMCModernOverlay/overlay_controller.log level=DEBUG retention=5 max_bytes=524288
2025-12-06 09:15:24 [INFO] Controller logger level forced to DEBUG via override
2025-12-06 09:15:24 [DEBUG] Controller logger initialised: path=/home/jon/.local/share/EDMarketConnector/plugins/EDMCModernOverlay/logs/EDMCModernOverlay/overlay_controller.log level=DEBUG retention=5 max_bytes=524288
2025-12-06 09:15:24 [INFO] Controller logger level forced to DEBUG via dev-mode override (original hint=INFO from env)
2025-12-06 09:15:53 [DEBUG] Controller logger initialised: path=/home/jon/.local/share/EDMarketConnector/plugins/EDMCModernOverlay/logs/EDMCModernOverlay/overlay_controller.log level=DEBUG retention=5 max_bytes=524288
2025-12-06 09:15:53 [INFO] Controller logger level forced to DEBUG via override
2025-12-06 09:15:53 [DEBUG] Controller logger initialised: path=/home/jon/.local/share/EDMarketConnector/plugins/EDMCModernOverlay/logs/EDMCModernOverlay/overlay_controller.log level=DEBUG retention=5 max_bytes=524288
2025-12-06 09:15:53 [INFO] Controller logger level forced to DEBUG via dev-mode override (original hint=INFO from env)
2025-12-06 09:15:55 [DEBUG] Controller logger initialised: path=/home/jon/.local/share/EDMarketConnector/plugins/EDMCModernOverlay/logs/EDMCModernOverlay/overlay_controller.log level=DEBUG retention=5 max_bytes=524288
2025-12-06 09:15:55 [INFO] Controller logger level forced to DEBUG via override
2025-12-06 09:15:55 [DEBUG] Controller logger initialised: path=/home/jon/.local/share/EDMarketConnector/plugins/EDMCModernOverlay/logs/EDMCModernOverlay/overlay_controller.log level=DEBUG retention=5 max_bytes=524288
2025-12-06 09:15:55 [INFO] Controller logger level forced to DEBUG via dev-mode override (original hint=INFO from env)
2025-12-06 09:15:56 [DEBUG] Controller logger initialised: path=/home/jon/.local/share/EDMarketConnector/plugins/EDMCModernOverlay/logs/EDMCModernOverlay/overlay_controller.log level=DEBUG retention=5 max_bytes=524288
2025-12-06 09:15:56 [INFO] Controller logger level forced to DEBUG via override
2025-12-06 09:15:56 [DEBUG] Controller logger initialised: path=/home/jon/.local/share/EDMarketConnector/plugins/EDMCModernOverlay/logs/EDMCModernOverlay/overlay_controller.log level=DEBUG retention=5 max_bytes=524288
2025-12-06 09:15:56 [INFO] Controller logger level forced to DEBUG via dev-mode override (original hint=INFO from env)
2025-12-06 09:18:08 [DEBUG] Controller logger initialised: path=/home/jon/.local/share/EDMarketConnector/plugins/EDMCModernOverlay/logs/EDMCModernOverlay/overlay_controller.log level=DEBUG retention=5 max_bytes=524288
2025-12-06 09:18:08 [INFO] Controller logger level forced to DEBUG via override
2025-12-06 09:18:08 [DEBUG] Controller logger initialised: path=/home/jon/.local/share/EDMarketConnector/plugins/EDMCModernOverlay/logs/EDMCModernOverlay/overlay_controller.log level=DEBUG retention=5 max_bytes=524288
2025-12-06 09:18:08 [INFO] Controller logger level forced to DEBUG via dev-mode override (original hint=INFO from env)
2025-12-06 09:23:12 [DEBUG] Controller logger initialised: path=/home/jon/.local/share/EDMarketConnector/plugins/EDMCModernOverlay/logs/EDMCModernOverlay/overlay_controller.log level=DEBUG retention=5 max_bytes=524288
2025-12-06 09:23:12 [INFO] Controller logger level forced to DEBUG via override
2025-12-06 09:23:12 [DEBUG] Controller logger initialised: path=/home/jon/.local/share/EDMarketConnector/plugins/EDMCModernOverlay/logs/EDMCModernOverlay/overlay_controller.log level=DEBUG retention=5 max_bytes=524288
2025-12-06 09:23:12 [INFO] Controller logger level forced to DEBUG via dev-mode override (original hint=INFO from env)
2025-12-06 09:23:14 [DEBUG] Controller logger initialised: path=/home/jon/.local/share/EDMarketConnector/plugins/EDMCModernOverlay/logs/EDMCModernOverlay/overlay_controller.log level=DEBUG retention=5 max_bytes=524288
2025-12-06 09:23:14 [INFO] Controller logger level forced to DEBUG via override
2025-12-06 09:23:14 [DEBUG] Controller logger initialised: path=/home/jon/.local/share/EDMarketConnector/plugins/EDMCModernOverlay/logs/EDMCModernOverlay/overlay_controller.log level=DEBUG retention=5 max_bytes=524288
2025-12-06 09:23:14 [INFO] Controller logger level forced to DEBUG via dev-mode override (original hint=INFO from env)
2025-12-06 09:23:15 [DEBUG] Controller logger initialised: path=/home/jon/.local/share/EDMarketConnector/plugins/EDMCModernOverlay/logs/EDMCModernOverlay/overlay_controller.log level=DEBUG retention=5 max_bytes=524288
2025-12-06 09:23:15 [INFO] Controller logger level forced to DEBUG via override
2025-12-06 09:23:15 [DEBUG] Controller logger initialised: path=/home/jon/.local/share/EDMarketConnector/plugins/EDMCModernOverlay/logs/EDMCModernOverlay/overlay_controller.log level=DEBUG retention=5 max_bytes=524288
2025-12-06 09:23:15 [INFO] Controller logger level forced to DEBUG via dev-mode override (original hint=INFO from env)
2025-12-06 09:29:45 [DEBUG] Controller logger initialised: path=/home/jon/.local/share/EDMarketConnector/plugins/EDMCModernOverlay/logs/EDMCModernOverlay/overlay_controller.log level=DEBUG retention=5 max_bytes=524288
2025-12-06 09:29:45 [INFO] Controller logger level forced to DEBUG via override
2025-12-06 09:29:45 [DEBUG] Controller logger initialised: path=/home/jon/.local/share/EDMarketConnector/plugins/EDMCModernOverlay/logs/EDMCModernOverlay/overlay_controller.log level=DEBUG retention=5 max_bytes=524288
2025-12-06 09:29:45 [INFO] Controller logger level forced to DEBUG via dev-mode override (original hint=INFO from env)
2025-12-06 09:29:48 [DEBUG] Controller logger initialised: path=/home/jon/.local/share/EDMarketConnector/plugins/EDMCModernOverlay/logs/EDMCModernOverlay/overlay_controller.log level=DEBUG retention=5 max_bytes=524288
2025-12-06 09:29:48 [INFO] Controller logger level forced to DEBUG via override
2025-12-06 09:29:48 [DEBUG] Controller logger initialised: path=/home/jon/.local/share/EDMarketConnector/plugins/EDMCModernOverlay/logs/EDMCModernOverlay/overlay_controller.log level=DEBUG retention=5 max_bytes=524288
2025-12-06 09:29:48 [INFO] Controller logger level forced to DEBUG via dev-mode override (original hint=INFO from env)
2025-12-06 09:29:49 [DEBUG] Controller logger initialised: path=/home/jon/.local/share/EDMarketConnector/plugins/EDMCModernOverlay/logs/EDMCModernOverlay/overlay_controller.log level=DEBUG retention=5 max_bytes=524288
2025-12-06 09:29:49 [INFO] Controller logger level forced to DEBUG via override
2025-12-06 09:29:49 [DEBUG] Controller logger initialised: path=/home/jon/.local/share/EDMarketConnector/plugins/EDMCModernOverlay/logs/EDMCModernOverlay/overlay_controller.log level=DEBUG retention=5 max_bytes=524288
2025-12-06 09:29:49 [INFO] Controller logger level forced to DEBUG via dev-mode override (original hint=INFO from env)
2025-12-06 09:30:34 [DEBUG] Controller logger initialised: path=/home/jon/.local/share/EDMarketConnector/plugins/EDMCModernOverlay/logs/EDMCModernOverlay/overlay_controller.log level=DEBUG retention=5 max_bytes=524288
2025-12-06 09:30:34 [INFO] Controller logger level forced to DEBUG via override
2025-12-06 09:30:34 [DEBUG] Controller logger initialised: path=/home/jon/.local/share/EDMarketConnector/plugins/EDMCModernOverlay/logs/EDMCModernOverlay/overlay_controller.log level=DEBUG retention=5 max_bytes=524288
2025-12-06 09:30:34 [INFO] Controller logger level forced to DEBUG via dev-mode override (original hint=INFO from env)
2025-12-06 09:31:08 [DEBUG] Controller logger initialised: path=/home/jon/.local/share/EDMarketConnector/plugins/EDMCModernOverlay/logs/EDMCModernOverlay/overlay_controller.log level=DEBUG retention=5 max_bytes=524288
2025-12-06 09:31:08 [INFO] Controller logger level forced to DEBUG via override
2025-12-06 09:31:08 [DEBUG] Controller logger initialised: path=/home/jon/.local/share/EDMarketConnector/plugins/EDMCModernOverlay/logs/EDMCModernOverlay/overlay_controller.log level=DEBUG retention=5 max_bytes=524288
2025-12-06 09:31:08 [INFO] Controller logger level forced to DEBUG via dev-mode override (original hint=INFO from env)
2025-12-06 09:31:10 [DEBUG] Controller logger initialised: path=/home/jon/.local/share/EDMarketConnector/plugins/EDMCModernOverlay/logs/EDMCModernOverlay/overlay_controller.log level=DEBUG retention=5 max_bytes=524288
2025-12-06 09:31:10 [INFO] Controller logger level forced to DEBUG via override
2025-12-06 09:31:10 [DEBUG] Controller logger initialised: path=/home/jon/.local/share/EDMarketConnector/plugins/EDMCModernOverlay/logs/EDMCModernOverlay/overlay_controller.log level=DEBUG retention=5 max_bytes=524288
2025-12-06 09:31:10 [INFO] Controller logger level forced to DEBUG via dev-mode override (original hint=INFO from env)
2025-12-06 09:31:11 [DEBUG] Controller logger initialised: path=/home/jon/.local/share/EDMarketConnector/plugins/EDMCModernOverlay/logs/EDMCModernOverlay/overlay_controller.log level=DEBUG retention=5 max_bytes=524288
2025-12-06 09:31:11 [INFO] Controller logger level forced to DEBUG via override
2025-12-06 09:31:11 [DEBUG] Controller logger initialised: path=/home/jon/.local/share/EDMarketConnector/plugins/EDMCModernOverlay/logs/EDMCModernOverlay/overlay_controller.log level=DEBUG retention=5 max_bytes=524288
2025-12-06 09:31:11 [INFO] Controller logger level forced to DEBUG via dev-mode override (original hint=INFO from env)
2025-12-06 09:31:34 [DEBUG] Controller logger initialised: path=/home/jon/.local/share/EDMarketConnector/plugins/EDMCModernOverlay/logs/EDMCModernOverlay/overlay_controller.log level=DEBUG retention=5 max_bytes=524288
2025-12-06 09:31:34 [INFO] Controller logger level forced to DEBUG via override
2025-12-06 09:31:34 [DEBUG] Controller logger initialised: path=/home/jon/.local/share/EDMarketConnector/plugins/EDMCModernOverlay/logs/EDMCModernOverlay/overlay_controller.log level=DEBUG retention=5 max_bytes=524288
2025-12-06 09:31:34 [INFO] Controller logger level forced to DEBUG via dev-mode override (original hint=INFO from env)
2025-12-06 09:35:04 [DEBUG] Controller logger initialised: path=/home/jon/.local/share/EDMarketConnector/plugins/EDMCModernOverlay/logs/EDMCModernOverlay/overlay_controller.log level=DEBUG retention=5 max_bytes=524288
2025-12-06 09:35:04 [INFO] Controller logger level forced to DEBUG via override
2025-12-06 09:35:04 [DEBUG] Controller logger initialised: path=/home/jon/.local/share/EDMarketConnector/plugins/EDMCModernOverlay/logs/EDMCModernOverlay/overlay_controller.log level=DEBUG retention=5 max_bytes=524288
2025-12-06 09:35:04 [INFO] Controller logger level forced to DEBUG via dev-mode override (original hint=INFO from env)
2025-12-06 09:37:35 [DEBUG] Controller logger initialised: path=/home/jon/.local/share/EDMarketConnector/plugins/EDMCModernOverlay/logs/EDMCModernOverlay/overlay_controller.log level=DEBUG retention=5 max_bytes=524288
2025-12-06 09:37:35 [INFO] Controller logger level forced to DEBUG via override
2025-12-06 09:37:35 [DEBUG] Controller logger initialised: path=/home/jon/.local/share/EDMarketConnector/plugins/EDMCModernOverlay/logs/EDMCModernOverlay/overlay_controller.log level=DEBUG retention=5 max_bytes=524288
2025-12-06 09:37:35 [INFO] Controller logger level forced to DEBUG via dev-mode override (original hint=INFO from env)
2025-12-06 09:42:18 [DEBUG] Controller logger initialised: path=/home/jon/.local/share/EDMarketConnector/plugins/EDMCModernOverlay/logs/EDMCModernOverlay/overlay_controller.log level=DEBUG retention=5 max_bytes=524288
2025-12-06 09:42:18 [INFO] Controller logger level forced to DEBUG via override
2025-12-06 09:42:18 [DEBUG] Controller logger initialised: path=/home/jon/.local/share/EDMarketConnector/plugins/EDMCModernOverlay/logs/EDMCModernOverlay/overlay_controller.log level=DEBUG retention=5 max_bytes=524288
2025-12-06 09:42:18 [INFO] Controller logger level forced to DEBUG via dev-mode override (original hint=INFO from env)
2025-12-06 09:42:20 [DEBUG] Controller logger initialised: path=/home/jon/.local/share/EDMarketConnector/plugins/EDMCModernOverlay/logs/EDMCModernOverlay/overlay_controller.log level=DEBUG retention=5 max_bytes=524288
2025-12-06 09:42:20 [INFO] Controller logger level forced to DEBUG via override
2025-12-06 09:42:20 [DEBUG] Controller logger initialised: path=/home/jon/.local/share/EDMarketConnector/plugins/EDMCModernOverlay/logs/EDMCModernOverlay/overlay_controller.log level=DEBUG retention=5 max_bytes=524288
2025-12-06 09:42:20 [INFO] Controller logger level forced to DEBUG via dev-mode override (original hint=INFO from env)
2025-12-06 09:42:21 [DEBUG] Controller logger initialised: path=/home/jon/.local/share/EDMarketConnector/plugins/EDMCModernOverlay/logs/EDMCModernOverlay/overlay_controller.log level=DEBUG retention=5 max_bytes=524288
2025-12-06 09:42:21 [INFO] Controller logger level forced to DEBUG via override
2025-12-06 09:42:21 [DEBUG] Controller logger initialised: path=/home/jon/.local/share/EDMarketConnector/plugins/EDMCModernOverlay/logs/EDMCModernOverlay/overlay_controller.log level=DEBUG retention=5 max_bytes=524288
2025-12-06 09:42:21 [INFO] Controller logger level forced to DEBUG via dev-mode override (original hint=INFO from env)
2025-12-06 09:44:15 [DEBUG] Controller logger initialised: path=/home/jon/.local/share/EDMarketConnector/plugins/EDMCModernOverlay/logs/EDMCModernOverlay/overlay_controller.log level=DEBUG retention=5 max_bytes=524288
2025-12-06 09:44:15 [INFO] Controller logger level forced to DEBUG via override
2025-12-06 09:44:15 [DEBUG] Controller logger initialised: path=/home/jon/.local/share/EDMarketConnector/plugins/EDMCModernOverlay/logs/EDMCModernOverlay/overlay_controller.log level=DEBUG retention=5 max_bytes=524288
2025-12-06 09:44:15 [INFO] Controller logger level forced to DEBUG via dev-mode override (original hint=INFO from env)
2025-12-06 09:44:37 [DEBUG] Controller logger initialised: path=/home/jon/.local/share/EDMarketConnector/plugins/EDMCModernOverlay/logs/EDMCModernOverlay/overlay_controller.log level=DEBUG retention=5 max_bytes=524288
2025-12-06 09:44:37 [INFO] Controller logger level forced to DEBUG via override
2025-12-06 09:44:37 [DEBUG] Controller logger initialised: path=/home/jon/.local/share/EDMarketConnector/plugins/EDMCModernOverlay/logs/EDMCModernOverlay/overlay_controller.log level=DEBUG retention=5 max_bytes=524288
2025-12-06 09:44:37 [INFO] Controller logger level forced to DEBUG via dev-mode override (original hint=INFO from env)
2025-12-06 09:44:51 [DEBUG] Controller logger initialised: path=/home/jon/.local/share/EDMarketConnector/plugins/EDMCModernOverlay/logs/EDMCModernOverlay/overlay_controller.log level=DEBUG retention=5 max_bytes=524288
2025-12-06 09:44:51 [INFO] Controller logger level forced to DEBUG via override
2025-12-06 09:44:51 [DEBUG] Controller logger initialised: path=/home/jon/.local/share/EDMarketConnector/plugins/EDMCModernOverlay/logs/EDMCModernOverlay/overlay_controller.log level=DEBUG retention=5 max_bytes=524288
2025-12-06 09:44:51 [INFO] Controller logger level forced to DEBUG via dev-mode override (original hint=INFO from env)
2025-12-06 09:45:06 [DEBUG] Controller logger initialised: path=/home/jon/.local/share/EDMarketConnector/plugins/EDMCModernOverlay/logs/EDMCModernOverlay/overlay_controller.log level=DEBUG retention=5 max_bytes=524288
2025-12-06 09:45:06 [INFO] Controller logger level forced to DEBUG via override
2025-12-06 09:45:06 [DEBUG] Controller logger initialised: path=/home/jon/.local/share/EDMarketConnector/plugins/EDMCModernOverlay/logs/EDMCModernOverlay/overlay_controller.log level=DEBUG retention=5 max_bytes=524288
2025-12-06 09:45:06 [INFO] Controller logger level forced to DEBUG via dev-mode override (original hint=INFO from env)
2025-12-06 09:45:34 [DEBUG] Controller logger initialised: path=/home/jon/.local/share/EDMarketConnector/plugins/EDMCModernOverlay/logs/EDMCModernOverlay/overlay_controller.log level=DEBUG retention=5 max_bytes=524288
2025-12-06 09:45:34 [INFO] Controller logger level forced to DEBUG via override
2025-12-06 09:45:34 [DEBUG] Controller logger initialised: path=/home/jon/.local/share/EDMarketConnector/plugins/EDMCModernOverlay/logs/EDMCModernOverlay/overlay_controller.log level=DEBUG retention=5 max_bytes=524288
2025-12-06 09:45:34 [INFO] Controller logger level forced to DEBUG via dev-mode override (original hint=INFO from env)
2025-12-06 09:46:00 [DEBUG] Controller logger initialised: path=/home/jon/.local/share/EDMarketConnector/plugins/EDMCModernOverlay/logs/EDMCModernOverlay/overlay_controller.log level=DEBUG retention=5 max_bytes=524288
2025-12-06 09:46:00 [INFO] Controller logger level forced to DEBUG via override
2025-12-06 09:46:00 [DEBUG] Controller logger initialised: path=/home/jon/.local/share/EDMarketConnector/plugins/EDMCModernOverlay/logs/EDMCModernOverlay/overlay_controller.log level=DEBUG retention=5 max_bytes=524288
2025-12-06 09:46:00 [INFO] Controller logger level forced to DEBUG via dev-mode override (original hint=INFO from env)
2025-12-06 09:46:02 [DEBUG] Controller logger initialised: path=/home/jon/.local/share/EDMarketConnector/plugins/EDMCModernOverlay/logs/EDMCModernOverlay/overlay_controller.log level=DEBUG retention=5 max_bytes=524288
2025-12-06 09:46:02 [INFO] Controller logger level forced to DEBUG via override
2025-12-06 09:46:02 [DEBUG] Controller logger initialised: path=/home/jon/.local/share/EDMarketConnector/plugins/EDMCModernOverlay/logs/EDMCModernOverlay/overlay_controller.log level=DEBUG retention=5 max_bytes=524288
2025-12-06 09:46:02 [INFO] Controller logger level forced to DEBUG via dev-mode override (original hint=INFO from env)
2025-12-06 09:46:02 [DEBUG] Controller logger initialised: path=/home/jon/.local/share/EDMarketConnector/plugins/EDMCModernOverlay/logs/EDMCModernOverlay/overlay_controller.log level=DEBUG retention=5 max_bytes=524288
2025-12-06 09:46:02 [INFO] Controller logger level forced to DEBUG via override
2025-12-06 09:46:02 [DEBUG] Controller logger initialised: path=/home/jon/.local/share/EDMarketConnector/plugins/EDMCModernOverlay/logs/EDMCModernOverlay/overlay_controller.log level=DEBUG retention=5 max_bytes=524288
2025-12-06 09:46:02 [INFO] Controller logger level forced to DEBUG via dev-mode override (original hint=INFO from env)
2025-12-06 09:51:53 [DEBUG] Controller logger initialised: path=/home/jon/.local/share/EDMarketConnector/plugins/EDMCModernOverlay/logs/EDMCModernOverlay/overlay_controller.log level=DEBUG retention=5 max_bytes=524288
2025-12-06 09:51:53 [INFO] Controller logger level forced to DEBUG via override
2025-12-06 09:51:53 [DEBUG] Controller logger initialised: path=/home/jon/.local/share/EDMarketConnector/plugins/EDMCModernOverlay/logs/EDMCModernOverlay/overlay_controller.log level=DEBUG retention=5 max_bytes=524288
2025-12-06 09:51:53 [INFO] Controller logger level forced to DEBUG via dev-mode override (original hint=INFO from env)
2025-12-06 09:52:27 [DEBUG] Controller logger initialised: path=/home/jon/.local/share/EDMarketConnector/plugins/EDMCModernOverlay/logs/EDMCModernOverlay/overlay_controller.log level=DEBUG retention=5 max_bytes=524288
2025-12-06 09:52:27 [INFO] Controller logger level forced to DEBUG via override
2025-12-06 09:52:27 [DEBUG] Controller logger initialised: path=/home/jon/.local/share/EDMarketConnector/plugins/EDMCModernOverlay/logs/EDMCModernOverlay/overlay_controller.log level=DEBUG retention=5 max_bytes=524288
2025-12-06 09:52:27 [INFO] Controller logger level forced to DEBUG via dev-mode override (original hint=INFO from env)
2025-12-06 09:52:29 [DEBUG] Controller logger initialised: path=/home/jon/.local/share/EDMarketConnector/plugins/EDMCModernOverlay/logs/EDMCModernOverlay/overlay_controller.log level=DEBUG retention=5 max_bytes=524288
2025-12-06 09:52:29 [INFO] Controller logger level forced to DEBUG via override
2025-12-06 09:52:29 [DEBUG] Controller logger initialised: path=/home/jon/.local/share/EDMarketConnector/plugins/EDMCModernOverlay/logs/EDMCModernOverlay/overlay_controller.log level=DEBUG retention=5 max_bytes=524288
2025-12-06 09:52:29 [INFO] Controller logger level forced to DEBUG via dev-mode override (original hint=INFO from env)
2025-12-06 09:52:30 [DEBUG] Controller logger initialised: path=/home/jon/.local/share/EDMarketConnector/plugins/EDMCModernOverlay/logs/EDMCModernOverlay/overlay_controller.log level=DEBUG retention=5 max_bytes=524288
2025-12-06 09:52:30 [INFO] Controller logger level forced to DEBUG via override
2025-12-06 09:52:30 [DEBUG] Controller logger initialised: path=/home/jon/.local/share/EDMarketConnector/plugins/EDMCModernOverlay/logs/EDMCModernOverlay/overlay_controller.log level=DEBUG retention=5 max_bytes=524288
2025-12-06 09:52:30 [INFO] Controller logger level forced to DEBUG via dev-mode override (original hint=INFO from env)
2025-12-06 09:53:55 [DEBUG] Controller logger initialised: path=/home/jon/.local/share/EDMarketConnector/plugins/EDMCModernOverlay/logs/EDMCModernOverlay/overlay_controller.log level=DEBUG retention=5 max_bytes=524288
2025-12-06 09:53:55 [INFO] Controller logger level forced to DEBUG via override
2025-12-06 09:53:55 [DEBUG] Controller logger initialised: path=/home/jon/.local/share/EDMarketConnector/plugins/EDMCModernOverlay/logs/EDMCModernOverlay/overlay_controller.log level=DEBUG retention=5 max_bytes=524288
2025-12-06 09:53:55 [INFO] Controller logger level forced to DEBUG via dev-mode override (original hint=INFO from env)
2025-12-06 09:55:31 [DEBUG] Controller logger initialised: path=/home/jon/.local/share/EDMarketConnector/plugins/EDMCModernOverlay/logs/EDMCModernOverlay/overlay_controller.log level=DEBUG retention=5 max_bytes=524288
2025-12-06 09:55:31 [INFO] Controller logger level forced to DEBUG via override
2025-12-06 09:55:31 [DEBUG] Controller logger initialised: path=/home/jon/.local/share/EDMarketConnector/plugins/EDMCModernOverlay/logs/EDMCModernOverlay/overlay_controller.log level=DEBUG retention=5 max_bytes=524288
2025-12-06 09:55:31 [INFO] Controller logger level forced to DEBUG via dev-mode override (original hint=INFO from env)
2025-12-06 09:56:47 [DEBUG] Controller logger initialised: path=/home/jon/.local/share/EDMarketConnector/plugins/EDMCModernOverlay/logs/EDMCModernOverlay/overlay_controller.log level=DEBUG retention=5 max_bytes=524288
2025-12-06 09:56:47 [INFO] Controller logger level forced to DEBUG via override
2025-12-06 09:56:47 [DEBUG] Controller logger initialised: path=/home/jon/.local/share/EDMarketConnector/plugins/EDMCModernOverlay/logs/EDMCModernOverlay/overlay_controller.log level=DEBUG retention=5 max_bytes=524288
2025-12-06 09:56:47 [INFO] Controller logger level forced to DEBUG via dev-mode override (original hint=INFO from env)
2025-12-06 09:58:21 [DEBUG] Controller logger initialised: path=/home/jon/.local/share/EDMarketConnector/plugins/EDMCModernOverlay/logs/EDMCModernOverlay/overlay_controller.log level=DEBUG retention=5 max_bytes=524288
2025-12-06 09:58:21 [INFO] Controller logger level forced to DEBUG via override
2025-12-06 09:58:21 [DEBUG] Controller logger initialised: path=/home/jon/.local/share/EDMarketConnector/plugins/EDMCModernOverlay/logs/EDMCModernOverlay/overlay_controller.log level=DEBUG retention=5 max_bytes=524288
2025-12-06 09:58:21 [INFO] Controller logger level forced to DEBUG via dev-mode override (original hint=INFO from env)
2025-12-06 09:58:57 [DEBUG] Controller logger initialised: path=/home/jon/.local/share/EDMarketConnector/plugins/EDMCModernOverlay/logs/EDMCModernOverlay/overlay_controller.log level=DEBUG retention=5 max_bytes=524288
2025-12-06 09:58:57 [INFO] Controller logger level forced to DEBUG via override
2025-12-06 09:58:57 [DEBUG] Controller logger initialised: path=/home/jon/.local/share/EDMarketConnector/plugins/EDMCModernOverlay/logs/EDMCModernOverlay/overlay_controller.log level=DEBUG retention=5 max_bytes=524288
2025-12-06 09:58:57 [INFO] Controller logger level forced to DEBUG via dev-mode override (original hint=INFO from env)
2025-12-06 10:01:16 [DEBUG] Controller logger initialised: path=/home/jon/.local/share/EDMarketConnector/plugins/EDMCModernOverlay/logs/EDMCModernOverlay/overlay_controller.log level=DEBUG retention=5 max_bytes=524288
2025-12-06 10:01:16 [INFO] Controller logger level forced to DEBUG via override
2025-12-06 10:01:16 [DEBUG] Controller logger initialised: path=/home/jon/.local/share/EDMarketConnector/plugins/EDMCModernOverlay/logs/EDMCModernOverlay/overlay_controller.log level=DEBUG retention=5 max_bytes=524288
2025-12-06 10:01:16 [INFO] Controller logger level forced to DEBUG via dev-mode override (original hint=INFO from env)
2025-12-06 10:03:13 [DEBUG] Controller logger initialised: path=/home/jon/.local/share/EDMarketConnector/plugins/EDMCModernOverlay/logs/EDMCModernOverlay/overlay_controller.log level=DEBUG retention=5 max_bytes=524288
2025-12-06 10:03:13 [INFO] Controller logger level forced to DEBUG via override
2025-12-06 10:03:13 [DEBUG] Controller logger initialised: path=/home/jon/.local/share/EDMarketConnector/plugins/EDMCModernOverlay/logs/EDMCModernOverlay/overlay_controller.log level=DEBUG retention=5 max_bytes=524288
2025-12-06 10:03:13 [INFO] Controller logger level forced to DEBUG via dev-mode override (original hint=INFO from env)
2025-12-06 10:16:44 [DEBUG] Controller logger initialised: path=/home/jon/.local/share/EDMarketConnector/plugins/EDMCModernOverlay/logs/EDMCModernOverlay/overlay_controller.log level=DEBUG retention=5 max_bytes=524288
2025-12-06 10:16:44 [INFO] Controller logger level forced to DEBUG via override
2025-12-06 10:16:44 [DEBUG] Controller logger initialised: path=/home/jon/.local/share/EDMarketConnector/plugins/EDMCModernOverlay/logs/EDMCModernOverlay/overlay_controller.log level=DEBUG retention=5 max_bytes=524288
2025-12-06 10:16:44 [INFO] Controller logger level forced to DEBUG via dev-mode override (original hint=INFO from env)
2025-12-06 10:16:46 [DEBUG] Controller logger initialised: path=/home/jon/.local/share/EDMarketConnector/plugins/EDMCModernOverlay/logs/EDMCModernOverlay/overlay_controller.log level=DEBUG retention=5 max_bytes=524288
2025-12-06 10:16:46 [INFO] Controller logger level forced to DEBUG via override
2025-12-06 10:16:46 [DEBUG] Controller logger initialised: path=/home/jon/.local/share/EDMarketConnector/plugins/EDMCModernOverlay/logs/EDMCModernOverlay/overlay_controller.log level=DEBUG retention=5 max_bytes=524288
2025-12-06 10:16:46 [INFO] Controller logger level forced to DEBUG via dev-mode override (original hint=INFO from env)
2025-12-06 10:16:47 [DEBUG] Controller logger initialised: path=/home/jon/.local/share/EDMarketConnector/plugins/EDMCModernOverlay/logs/EDMCModernOverlay/overlay_controller.log level=DEBUG retention=5 max_bytes=524288
2025-12-06 10:16:47 [INFO] Controller logger level forced to DEBUG via override
2025-12-06 10:16:47 [DEBUG] Controller logger initialised: path=/home/jon/.local/share/EDMarketConnector/plugins/EDMCModernOverlay/logs/EDMCModernOverlay/overlay_controller.log level=DEBUG retention=5 max_bytes=524288
2025-12-06 10:16:47 [INFO] Controller logger level forced to DEBUG via dev-mode override (original hint=INFO from env)
2025-12-06 10:20:56 [DEBUG] Controller logger initialised: path=/home/jon/.local/share/EDMarketConnector/plugins/EDMCModernOverlay/logs/EDMCModernOverlay/overlay_controller.log level=DEBUG retention=5 max_bytes=524288
2025-12-06 10:20:56 [INFO] Controller logger level forced to DEBUG via override
2025-12-06 10:20:56 [DEBUG] Controller logger initialised: path=/home/jon/.local/share/EDMarketConnector/plugins/EDMCModernOverlay/logs/EDMCModernOverlay/overlay_controller.log level=DEBUG retention=5 max_bytes=524288
2025-12-06 10:20:56 [INFO] Controller logger level forced to DEBUG via dev-mode override (original hint=INFO from env)
2025-12-06 10:21:36 [DEBUG] Controller logger initialised: path=/home/jon/.local/share/EDMarketConnector/plugins/EDMCModernOverlay/logs/EDMCModernOverlay/overlay_controller.log level=DEBUG retention=5 max_bytes=524288
2025-12-06 10:21:36 [INFO] Controller logger level forced to DEBUG via override
2025-12-06 10:21:36 [DEBUG] Controller logger initialised: path=/home/jon/.local/share/EDMarketConnector/plugins/EDMCModernOverlay/logs/EDMCModernOverlay/overlay_controller.log level=DEBUG retention=5 max_bytes=524288
2025-12-06 10:21:36 [INFO] Controller logger level forced to DEBUG via dev-mode override (original hint=INFO from env)
2025-12-06 10:21:38 [DEBUG] Controller logger initialised: path=/home/jon/.local/share/EDMarketConnector/plugins/EDMCModernOverlay/logs/EDMCModernOverlay/overlay_controller.log level=DEBUG retention=5 max_bytes=524288
2025-12-06 10:21:38 [INFO] Controller logger level forced to DEBUG via override
2025-12-06 10:21:38 [DEBUG] Controller logger initialised: path=/home/jon/.local/share/EDMarketConnector/plugins/EDMCModernOverlay/logs/EDMCModernOverlay/overlay_controller.log level=DEBUG retention=5 max_bytes=524288
2025-12-06 10:21:38 [INFO] Controller logger level forced to DEBUG via dev-mode override (original hint=INFO from env)
2025-12-06 10:21:39 [DEBUG] Controller logger initialised: path=/home/jon/.local/share/EDMarketConnector/plugins/EDMCModernOverlay/logs/EDMCModernOverlay/overlay_controller.log level=DEBUG retention=5 max_bytes=524288
2025-12-06 10:21:39 [INFO] Controller logger level forced to DEBUG via override
2025-12-06 10:21:39 [DEBUG] Controller logger initialised: path=/home/jon/.local/share/EDMarketConnector/plugins/EDMCModernOverlay/logs/EDMCModernOverlay/overlay_controller.log level=DEBUG retention=5 max_bytes=524288
2025-12-06 10:21:39 [INFO] Controller logger level forced to DEBUG via dev-mode override (original hint=INFO from env)
2025-12-06 11:07:03 [DEBUG] Controller logger initialised: path=/home/jon/.local/share/EDMarketConnector/plugins/EDMCModernOverlay/logs/EDMCModernOverlay/overlay_controller.log level=DEBUG retention=5 max_bytes=524288
2025-12-06 11:07:03 [INFO] Controller logger level forced to DEBUG via override
2025-12-06 11:07:03 [DEBUG] Controller logger initialised: path=/home/jon/.local/share/EDMarketConnector/plugins/EDMCModernOverlay/logs/EDMCModernOverlay/overlay_controller.log level=DEBUG retention=5 max_bytes=524288
2025-12-06 11:07:03 [INFO] Controller logger level forced to DEBUG via dev-mode override (original hint=INFO from env)
2025-12-06 11:07:05 [DEBUG] Controller logger initialised: path=/home/jon/.local/share/EDMarketConnector/plugins/EDMCModernOverlay/logs/EDMCModernOverlay/overlay_controller.log level=DEBUG retention=5 max_bytes=524288
2025-12-06 11:07:05 [INFO] Controller logger level forced to DEBUG via override
2025-12-06 11:07:05 [DEBUG] Controller logger initialised: path=/home/jon/.local/share/EDMarketConnector/plugins/EDMCModernOverlay/logs/EDMCModernOverlay/overlay_controller.log level=DEBUG retention=5 max_bytes=524288
2025-12-06 11:07:05 [INFO] Controller logger level forced to DEBUG via dev-mode override (original hint=INFO from env)
2025-12-06 11:07:06 [DEBUG] Controller logger initialised: path=/home/jon/.local/share/EDMarketConnector/plugins/EDMCModernOverlay/logs/EDMCModernOverlay/overlay_controller.log level=DEBUG retention=5 max_bytes=524288
2025-12-06 11:07:06 [INFO] Controller logger level forced to DEBUG via override
2025-12-06 11:07:06 [DEBUG] Controller logger initialised: path=/home/jon/.local/share/EDMarketConnector/plugins/EDMCModernOverlay/logs/EDMCModernOverlay/overlay_controller.log level=DEBUG retention=5 max_bytes=524288
2025-12-06 11:07:06 [INFO] Controller logger level forced to DEBUG via dev-mode override (original hint=INFO from env)
2025-12-06 11:07:07 [DEBUG] Controller logger initialised: path=/home/jon/.local/share/EDMarketConnector/plugins/EDMCModernOverlay/logs/EDMCModernOverlay/overlay_controller.log level=DEBUG retention=5 max_bytes=524288
2025-12-06 11:07:07 [INFO] Controller logger level forced to DEBUG via override
2025-12-06 11:07:07 [DEBUG] Controller logger initialised: path=/home/jon/.local/share/EDMarketConnector/plugins/EDMCModernOverlay/logs/EDMCModernOverlay/overlay_controller.log level=DEBUG retention=5 max_bytes=524288
2025-12-06 11:07:07 [INFO] Controller logger level forced to DEBUG via dev-mode override (original hint=INFO from env)
2025-12-06 11:08:36 [DEBUG] Controller logger initialised: path=/home/jon/.local/share/EDMarketConnector/plugins/EDMCModernOverlay/logs/EDMCModernOverlay/overlay_controller.log level=DEBUG retention=5 max_bytes=524288
2025-12-06 11:08:36 [INFO] Controller logger level forced to DEBUG via override
2025-12-06 11:08:36 [DEBUG] Controller logger initialised: path=/home/jon/.local/share/EDMarketConnector/plugins/EDMCModernOverlay/logs/EDMCModernOverlay/overlay_controller.log level=DEBUG retention=5 max_bytes=524288
2025-12-06 11:08:36 [INFO] Controller logger level forced to DEBUG via dev-mode override (original hint=INFO from env)
2025-12-06 11:08:38 [DEBUG] Controller logger initialised: path=/home/jon/.local/share/EDMarketConnector/plugins/EDMCModernOverlay/logs/EDMCModernOverlay/overlay_controller.log level=DEBUG retention=5 max_bytes=524288
2025-12-06 11:08:38 [INFO] Controller logger level forced to DEBUG via override
2025-12-06 11:08:38 [DEBUG] Controller logger initialised: path=/home/jon/.local/share/EDMarketConnector/plugins/EDMCModernOverlay/logs/EDMCModernOverlay/overlay_controller.log level=DEBUG retention=5 max_bytes=524288
2025-12-06 11:08:38 [INFO] Controller logger level forced to DEBUG via dev-mode override (original hint=INFO from env)
2025-12-06 11:08:39 [DEBUG] Controller logger initialised: path=/home/jon/.local/share/EDMarketConnector/plugins/EDMCModernOverlay/logs/EDMCModernOverlay/overlay_controller.log level=DEBUG retention=5 max_bytes=524288
2025-12-06 11:08:39 [INFO] Controller logger level forced to DEBUG via override
2025-12-06 11:08:39 [DEBUG] Controller logger initialised: path=/home/jon/.local/share/EDMarketConnector/plugins/EDMCModernOverlay/logs/EDMCModernOverlay/overlay_controller.log level=DEBUG retention=5 max_bytes=524288
2025-12-06 11:08:39 [INFO] Controller logger level forced to DEBUG via dev-mode override (original hint=INFO from env)
2025-12-06 11:14:48 [DEBUG] Controller logger initialised: path=/home/jon/.local/share/EDMarketConnector/plugins/EDMCModernOverlay/logs/EDMCModernOverlay/overlay_controller.log level=DEBUG retention=5 max_bytes=524288
2025-12-06 11:14:48 [INFO] Controller logger level forced to DEBUG via override
2025-12-06 11:14:48 [DEBUG] Controller logger initialised: path=/home/jon/.local/share/EDMarketConnector/plugins/EDMCModernOverlay/logs/EDMCModernOverlay/overlay_controller.log level=DEBUG retention=5 max_bytes=524288
2025-12-06 11:14:48 [INFO] Controller logger level forced to DEBUG via dev-mode override (original hint=INFO from env)
2025-12-06 11:15:05 [DEBUG] Controller logger initialised: path=/home/jon/.local/share/EDMarketConnector/plugins/EDMCModernOverlay/logs/EDMCModernOverlay/overlay_controller.log level=DEBUG retention=5 max_bytes=524288
2025-12-06 11:15:05 [INFO] Controller logger level forced to DEBUG via override
2025-12-06 11:15:05 [DEBUG] Controller logger initialised: path=/home/jon/.local/share/EDMarketConnector/plugins/EDMCModernOverlay/logs/EDMCModernOverlay/overlay_controller.log level=DEBUG retention=5 max_bytes=524288
2025-12-06 11:15:05 [INFO] Controller logger level forced to DEBUG via dev-mode override (original hint=INFO from env)
2025-12-06 11:15:07 [DEBUG] Controller logger initialised: path=/home/jon/.local/share/EDMarketConnector/plugins/EDMCModernOverlay/logs/EDMCModernOverlay/overlay_controller.log level=DEBUG retention=5 max_bytes=524288
2025-12-06 11:15:07 [INFO] Controller logger level forced to DEBUG via override
2025-12-06 11:15:07 [DEBUG] Controller logger initialised: path=/home/jon/.local/share/EDMarketConnector/plugins/EDMCModernOverlay/logs/EDMCModernOverlay/overlay_controller.log level=DEBUG retention=5 max_bytes=524288
2025-12-06 11:15:07 [INFO] Controller logger level forced to DEBUG via dev-mode override (original hint=INFO from env)
2025-12-06 11:15:19 [DEBUG] Controller logger initialised: path=/home/jon/.local/share/EDMarketConnector/plugins/EDMCModernOverlay/logs/EDMCModernOverlay/overlay_controller.log level=DEBUG retention=5 max_bytes=524288
2025-12-06 11:15:19 [INFO] Controller logger level forced to DEBUG via override
2025-12-06 11:15:19 [DEBUG] Controller logger initialised: path=/home/jon/.local/share/EDMarketConnector/plugins/EDMCModernOverlay/logs/EDMCModernOverlay/overlay_controller.log level=DEBUG retention=5 max_bytes=524288
2025-12-06 11:15:19 [INFO] Controller logger level forced to DEBUG via dev-mode override (original hint=INFO from env)
2025-12-06 11:15:52 [DEBUG] Controller logger initialised: path=/home/jon/.local/share/EDMarketConnector/plugins/EDMCModernOverlay/logs/EDMCModernOverlay/overlay_controller.log level=DEBUG retention=5 max_bytes=524288
2025-12-06 11:15:52 [INFO] Controller logger level forced to DEBUG via override
2025-12-06 11:15:52 [DEBUG] Controller logger initialised: path=/home/jon/.local/share/EDMarketConnector/plugins/EDMCModernOverlay/logs/EDMCModernOverlay/overlay_controller.log level=DEBUG retention=5 max_bytes=524288
2025-12-06 11:15:52 [INFO] Controller logger level forced to DEBUG via dev-mode override (original hint=INFO from env)
2025-12-06 11:15:54 [DEBUG] Controller logger initialised: path=/home/jon/.local/share/EDMarketConnector/plugins/EDMCModernOverlay/logs/EDMCModernOverlay/overlay_controller.log level=DEBUG retention=5 max_bytes=524288
2025-12-06 11:15:54 [INFO] Controller logger level forced to DEBUG via override
2025-12-06 11:15:54 [DEBUG] Controller logger initialised: path=/home/jon/.local/share/EDMarketConnector/plugins/EDMCModernOverlay/logs/EDMCModernOverlay/overlay_controller.log level=DEBUG retention=5 max_bytes=524288
2025-12-06 11:15:54 [INFO] Controller logger level forced to DEBUG via dev-mode override (original hint=INFO from env)
2025-12-06 11:15:55 [DEBUG] Controller logger initialised: path=/home/jon/.local/share/EDMarketConnector/plugins/EDMCModernOverlay/logs/EDMCModernOverlay/overlay_controller.log level=DEBUG retention=5 max_bytes=524288
2025-12-06 11:15:55 [INFO] Controller logger level forced to DEBUG via override
2025-12-06 11:15:55 [DEBUG] Controller logger initialised: path=/home/jon/.local/share/EDMarketConnector/plugins/EDMCModernOverlay/logs/EDMCModernOverlay/overlay_controller.log level=DEBUG retention=5 max_bytes=524288
2025-12-06 11:15:55 [INFO] Controller logger level forced to DEBUG via dev-mode override (original hint=INFO from env)
2025-12-06 11:17:52 [DEBUG] Controller logger initialised: path=/home/jon/.local/share/EDMarketConnector/plugins/EDMCModernOverlay/logs/EDMCModernOverlay/overlay_controller.log level=DEBUG retention=5 max_bytes=524288
2025-12-06 11:17:52 [INFO] Controller logger level forced to DEBUG via override
2025-12-06 11:17:52 [DEBUG] Controller logger initialised: path=/home/jon/.local/share/EDMarketConnector/plugins/EDMCModernOverlay/logs/EDMCModernOverlay/overlay_controller.log level=DEBUG retention=5 max_bytes=524288
2025-12-06 11:17:52 [INFO] Controller logger level forced to DEBUG via dev-mode override (original hint=INFO from env)
2025-12-06 11:17:54 [DEBUG] Controller logger initialised: path=/home/jon/.local/share/EDMarketConnector/plugins/EDMCModernOverlay/logs/EDMCModernOverlay/overlay_controller.log level=DEBUG retention=5 max_bytes=524288
2025-12-06 11:17:54 [INFO] Controller logger level forced to DEBUG via override
2025-12-06 11:17:54 [DEBUG] Controller logger initialised: path=/home/jon/.local/share/EDMarketConnector/plugins/EDMCModernOverlay/logs/EDMCModernOverlay/overlay_controller.log level=DEBUG retention=5 max_bytes=524288
2025-12-06 11:17:54 [INFO] Controller logger level forced to DEBUG via dev-mode override (original hint=INFO from env)
2025-12-06 11:17:55 [DEBUG] Controller logger initialised: path=/home/jon/.local/share/EDMarketConnector/plugins/EDMCModernOverlay/logs/EDMCModernOverlay/overlay_controller.log level=DEBUG retention=5 max_bytes=524288
2025-12-06 11:17:55 [INFO] Controller logger level forced to DEBUG via override
2025-12-06 11:17:55 [DEBUG] Controller logger initialised: path=/home/jon/.local/share/EDMarketConnector/plugins/EDMCModernOverlay/logs/EDMCModernOverlay/overlay_controller.log level=DEBUG retention=5 max_bytes=524288
2025-12-06 11:17:55 [INFO] Controller logger level forced to DEBUG via dev-mode override (original hint=INFO from env)
2025-12-06 11:23:12 [DEBUG] Controller logger initialised: path=/home/jon/.local/share/EDMarketConnector/plugins/EDMCModernOverlay/logs/EDMCModernOverlay/overlay_controller.log level=DEBUG retention=5 max_bytes=524288
2025-12-06 11:23:12 [INFO] Controller logger level forced to DEBUG via override
2025-12-06 11:23:12 [DEBUG] Controller logger initialised: path=/home/jon/.local/share/EDMarketConnector/plugins/EDMCModernOverlay/logs/EDMCModernOverlay/overlay_controller.log level=DEBUG retention=5 max_bytes=524288
2025-12-06 11:23:12 [INFO] Controller logger level forced to DEBUG via dev-mode override (original hint=INFO from env)
2025-12-06 11:30:05 [DEBUG] Controller logger initialised: path=/home/jon/.local/share/EDMarketConnector/plugins/EDMCModernOverlay/logs/EDMCModernOverlay/overlay_controller.log level=DEBUG retention=5 max_bytes=524288
2025-12-06 11:30:05 [INFO] Controller logger level forced to DEBUG via override
2025-12-06 11:30:05 [DEBUG] Controller logger initialised: path=/home/jon/.local/share/EDMarketConnector/plugins/EDMCModernOverlay/logs/EDMCModernOverlay/overlay_controller.log level=DEBUG retention=5 max_bytes=524288
2025-12-06 11:30:05 [INFO] Controller logger level forced to DEBUG via dev-mode override (original hint=INFO from env)
2025-12-06 11:32:30 [DEBUG] Controller logger initialised: path=/home/jon/.local/share/EDMarketConnector/plugins/EDMCModernOverlay/logs/EDMCModernOverlay/overlay_controller.log level=DEBUG retention=5 max_bytes=524288
2025-12-06 11:32:30 [INFO] Controller logger level forced to DEBUG via override
2025-12-06 11:32:30 [DEBUG] Controller logger initialised: path=/home/jon/.local/share/EDMarketConnector/plugins/EDMCModernOverlay/logs/EDMCModernOverlay/overlay_controller.log level=DEBUG retention=5 max_bytes=524288
2025-12-06 11:32:30 [INFO] Controller logger level forced to DEBUG via dev-mode override (original hint=INFO from env)
2025-12-06 11:32:33 [DEBUG] Controller logger initialised: path=/home/jon/.local/share/EDMarketConnector/plugins/EDMCModernOverlay/logs/EDMCModernOverlay/overlay_controller.log level=DEBUG retention=5 max_bytes=524288
2025-12-06 11:32:33 [INFO] Controller logger level forced to DEBUG via override
2025-12-06 11:32:33 [DEBUG] Controller logger initialised: path=/home/jon/.local/share/EDMarketConnector/plugins/EDMCModernOverlay/logs/EDMCModernOverlay/overlay_controller.log level=DEBUG retention=5 max_bytes=524288
2025-12-06 11:32:33 [INFO] Controller logger level forced to DEBUG via dev-mode override (original hint=INFO from env)
2025-12-06 11:32:33 [DEBUG] Controller logger initialised: path=/home/jon/.local/share/EDMarketConnector/plugins/EDMCModernOverlay/logs/EDMCModernOverlay/overlay_controller.log level=DEBUG retention=5 max_bytes=524288
2025-12-06 11:32:33 [INFO] Controller logger level forced to DEBUG via override
2025-12-06 11:32:33 [DEBUG] Controller logger initialised: path=/home/jon/.local/share/EDMarketConnector/plugins/EDMCModernOverlay/logs/EDMCModernOverlay/overlay_controller.log level=DEBUG retention=5 max_bytes=524288
2025-12-06 11:32:33 [INFO] Controller logger level forced to DEBUG via dev-mode override (original hint=INFO from env)
2025-12-06 11:40:07 [DEBUG] Controller logger initialised: path=/home/jon/.local/share/EDMarketConnector/plugins/EDMCModernOverlay/logs/EDMCModernOverlay/overlay_controller.log level=DEBUG retention=5 max_bytes=524288
2025-12-06 11:40:07 [INFO] Controller logger level forced to DEBUG via override
2025-12-06 11:40:07 [DEBUG] Controller logger initialised: path=/home/jon/.local/share/EDMarketConnector/plugins/EDMCModernOverlay/logs/EDMCModernOverlay/overlay_controller.log level=DEBUG retention=5 max_bytes=524288
2025-12-06 11:40:07 [INFO] Controller logger level forced to DEBUG via dev-mode override (original hint=INFO from env)
2025-12-06 11:40:19 [DEBUG] Controller logger initialised: path=/home/jon/.local/share/EDMarketConnector/plugins/EDMCModernOverlay/logs/EDMCModernOverlay/overlay_controller.log level=DEBUG retention=5 max_bytes=524288
2025-12-06 11:40:19 [INFO] Controller logger level forced to DEBUG via override
2025-12-06 11:40:19 [DEBUG] Controller logger initialised: path=/home/jon/.local/share/EDMarketConnector/plugins/EDMCModernOverlay/logs/EDMCModernOverlay/overlay_controller.log level=DEBUG retention=5 max_bytes=524288
2025-12-06 11:40:19 [INFO] Controller logger level forced to DEBUG via dev-mode override (original hint=INFO from env)
2025-12-06 11:40:32 [DEBUG] Controller logger initialised: path=/home/jon/.local/share/EDMarketConnector/plugins/EDMCModernOverlay/logs/EDMCModernOverlay/overlay_controller.log level=DEBUG retention=5 max_bytes=524288
2025-12-06 11:40:32 [INFO] Controller logger level forced to DEBUG via override
2025-12-06 11:40:32 [DEBUG] Controller logger initialised: path=/home/jon/.local/share/EDMarketConnector/plugins/EDMCModernOverlay/logs/EDMCModernOverlay/overlay_controller.log level=DEBUG retention=5 max_bytes=524288
2025-12-06 11:40:32 [INFO] Controller logger level forced to DEBUG via dev-mode override (original hint=INFO from env)
