2025-11-09 08:53:43,380 DEBUG Context menu tracing enabled. Log file: /home/jon/.local/share/EDMarketConnector/plugins/EDMC-ModernOverlay/utils/plugin_group_manager_context.log
2025-11-09 08:53:43,381 DEBUG Loaded 5 plugin override configuration(s) from /home/jon/.local/share/EDMarketConnector/plugins/EDMC-ModernOverlay/overlay_groupings.json.
2025-11-09 08:53:50,288 DEBUG Context menu request: payload=bgstally-msg-system_info-15 status=Ungrouped target_group=BGS-Tally
2025-11-09 08:53:50,291 DEBUG Adding context entry for grouping 'BGS-Tally Colonisation' in BGS-Tally
2025-11-09 08:53:50,291 DEBUG Adding context entry for grouping 'BGS-Tally System Info' in BGS-Tally
2025-11-09 08:53:50,291 DEBUG Adding context entry for grouping 'BGS-Tally Tick Notifications' in BGS-Tally
2025-11-09 08:53:50,291 DEBUG Adding context entry for grouping 'Stub' in BGS-Tally
2025-11-09 08:53:50,291 DEBUG Posting context menu for payload=bgstally-msg-system_info-15 with 6 entries
2025-11-09 08:55:50,913 DEBUG Context menu tracing enabled. Log file: /home/jon/.local/share/EDMarketConnector/plugins/EDMC-ModernOverlay/utils/plugin_group_manager_context.log
2025-11-09 08:55:50,913 DEBUG Loaded 5 plugin override configuration(s) from /home/jon/.local/share/EDMarketConnector/plugins/EDMC-ModernOverlay/overlay_groupings.json.
2025-11-09 08:55:53,047 DEBUG Context menu request: payload=bgstally-msg-system_info-15 status=Ungrouped target_group=BGS-Tally
2025-11-09 08:55:53,050 DEBUG Adding context entry for grouping 'BGS-Tally Colonisation' in BGS-Tally
2025-11-09 08:55:53,050 DEBUG Adding context entry for grouping 'BGS-Tally System Info' in BGS-Tally
2025-11-09 08:55:53,050 DEBUG Adding context entry for grouping 'BGS-Tally Tick Notifications' in BGS-Tally
2025-11-09 08:55:53,050 DEBUG Adding context entry for grouping 'Stub' in BGS-Tally
2025-11-09 08:55:53,050 DEBUG Posting context menu for payload=bgstally-msg-system_info-15 with 6 entries
2025-11-09 08:56:42,241 DEBUG Context menu tracing enabled. Log file: /home/jon/.local/share/EDMarketConnector/plugins/EDMC-ModernOverlay/utils/plugin_group_manager_context.log
2025-11-09 08:56:42,241 DEBUG Loaded 5 plugin override configuration(s) from /home/jon/.local/share/EDMarketConnector/plugins/EDMC-ModernOverlay/overlay_groupings.json.
2025-11-09 08:58:09,456 DEBUG Context menu tracing enabled. Log file: /home/jon/.local/share/EDMarketConnector/plugins/EDMC-ModernOverlay/utils/plugin_group_manager_context.log
2025-11-09 08:58:09,456 DEBUG Loaded 5 plugin override configuration(s) from /home/jon/.local/share/EDMarketConnector/plugins/EDMC-ModernOverlay/overlay_groupings.json.
2025-11-09 09:00:24,910 DEBUG Context menu tracing enabled. Log file: /home/jon/.local/share/EDMarketConnector/plugins/EDMC-ModernOverlay/utils/plugin_group_manager_context.log
2025-11-09 09:00:24,911 DEBUG Loaded 5 plugin override configuration(s) from /home/jon/.local/share/EDMarketConnector/plugins/EDMC-ModernOverlay/overlay_groupings.json.
2025-11-09 09:00:27,180 DEBUG Context menu request: payload=bgstally-msg-system_info-11 status=Ungrouped target_group=BGS-Tally
2025-11-09 09:00:27,185 DEBUG Adding context entry for grouping 'BGS-Tally Colonisation' in BGS-Tally
2025-11-09 09:00:27,185 DEBUG Adding context entry for grouping 'BGS-Tally System Info' in BGS-Tally
2025-11-09 09:00:27,185 DEBUG Adding context entry for grouping 'BGS-Tally Tick Notifications' in BGS-Tally
2025-11-09 09:00:27,185 DEBUG Adding context entry for grouping 'Stub' in BGS-Tally
2025-11-09 09:00:27,185 DEBUG Posting context menu for payload=bgstally-msg-system_info-11 with 6 entries
2025-11-09 09:00:27,302 DEBUG Button3 release ignored: no active menu entry.
2025-11-09 09:00:58,069 DEBUG Loaded 5 plugin override configuration(s) from /home/jon/.local/share/EDMarketConnector/plugins/EDMC-ModernOverlay/overlay_groupings.json.
2025-11-09 09:01:01,398 DEBUG Context menu request: payload=bgstally-msg-system_info-19 status=Ungrouped target_group=BGS-Tally
2025-11-09 09:01:01,398 DEBUG Adding context entry for grouping 'BGS-Tally Colonisation' in BGS-Tally
2025-11-09 09:01:01,398 DEBUG Adding context entry for grouping 'BGS-Tally System Info' in BGS-Tally
2025-11-09 09:01:01,398 DEBUG Adding context entry for grouping 'BGS-Tally Tick Notifications' in BGS-Tally
2025-11-09 09:01:01,398 DEBUG Posting context menu for payload=bgstally-msg-system_info-19 with 5 entries
2025-11-09 09:01:01,550 DEBUG Button3 release ignored: no active menu entry.
2025-11-09 09:01:25,237 DEBUG Context menu tracing enabled. Log file: /home/jon/.local/share/EDMarketConnector/plugins/EDMC-ModernOverlay/utils/plugin_group_manager_context.log
2025-11-09 09:01:25,238 DEBUG Loaded 5 plugin override configuration(s) from /home/jon/.local/share/EDMarketConnector/plugins/EDMC-ModernOverlay/overlay_groupings.json.
2025-11-09 09:02:07,897 DEBUG Context menu request: payload=bgstally-msg-system_info-24 status=Ungrouped target_group=BGS-Tally
2025-11-09 09:02:07,900 DEBUG Adding context entry for grouping 'BGS-Tally Colonisation' in BGS-Tally
2025-11-09 09:02:07,901 DEBUG Adding context entry for grouping 'BGS-Tally System Info' in BGS-Tally
2025-11-09 09:02:07,901 DEBUG Adding context entry for grouping 'BGS-Tally Tick Notifications' in BGS-Tally
2025-11-09 09:02:07,901 DEBUG Posting context menu for payload=bgstally-msg-system_info-24 with 5 entries
2025-11-09 09:02:08,054 DEBUG Button3 release ignored: no active menu entry.
2025-11-09 09:05:27,925 DEBUG Context menu tracing enabled. Log file: /home/jon/.local/share/EDMarketConnector/plugins/EDMC-ModernOverlay/utils/plugin_group_manager_context.log
2025-11-09 09:05:27,926 DEBUG Loaded 5 plugin override configuration(s) from /home/jon/.local/share/EDMarketConnector/plugins/EDMC-ModernOverlay/overlay_groupings.json.
2025-11-09 09:05:41,528 DEBUG Context menu request: payload=bgstally-msg-system_info-2 status=Ungrouped target_group=BGS-Tally
2025-11-09 09:05:41,531 DEBUG Adding context entry for grouping 'BGS-Tally Colonisation' in BGS-Tally
2025-11-09 09:05:41,531 DEBUG Adding context entry for grouping 'BGS-Tally System Info' in BGS-Tally
2025-11-09 09:05:41,531 DEBUG Adding context entry for grouping 'BGS-Tally Tick Notifications' in BGS-Tally
2025-11-09 09:05:41,531 DEBUG Posting context menu for payload=bgstally-msg-system_info-2 with 5 entries
2025-11-09 09:05:44,261 DEBUG Menu click invoking entry 3 (Add to ID Prefix group BGS-Tally System Info)
2025-11-09 09:05:44,261 DEBUG Queueing add-to-prefix request: group=BGS-Tally grouping=BGS-Tally System Info selection=('bgstally-msg-system_info-2',)
2025-11-09 09:05:44,285 DEBUG Preparing prefix dialog: payload=bgstally-msg-system_info-2 group=BGS-Tally grouping=BGS-Tally System Info existing=['bgstally-frame-indicator', 'bgstally-frame-system_info']
2025-11-09 09:05:56,015 DEBUG Displayed AddPrefixDialog for payload prefix: group=BGS-Tally grouping=BGS-Tally System Info default=bgstally-msg-
2025-11-09 09:05:56,016 DEBUG Add-to-prefix succeeded: group=BGS-Tally grouping=BGS-Tally System Info prefix=bgstally-msg-system_info updated_prefixes=['bgstally-frame-indicator', 'bgstally-frame-system_info', 'bgstally-msg-system_info']
2025-11-09 09:05:56,030 DEBUG Loaded 5 plugin override configuration(s) from /home/jon/.local/share/EDMarketConnector/plugins/EDMC-ModernOverlay/overlay_groupings.json.
2025-11-09 09:06:06,666 DEBUG Context menu request: payload=bgstally-msg-test-123 status=Ungrouped target_group=BGS-Tally
2025-11-09 09:06:06,666 DEBUG Adding context entry for grouping 'BGS-Tally Colonisation' in BGS-Tally
2025-11-09 09:06:06,666 DEBUG Adding context entry for grouping 'BGS-Tally System Info' in BGS-Tally
2025-11-09 09:06:06,666 DEBUG Adding context entry for grouping 'BGS-Tally Tick Notifications' in BGS-Tally
2025-11-09 09:06:06,666 DEBUG Posting context menu for payload=bgstally-msg-test-123 with 5 entries
2025-11-09 09:06:07,757 DEBUG Menu click invoking entry 0 (Create new ID Prefix Group in BGS-Tally)
2025-11-09 09:06:07,757 DEBUG Opening NewGroupingDialog from payload for group BGS-Tally with suggestion {'label': 'Bgstally Msg', 'prefixes': ['bgstally-msg-']}
2025-11-09 09:06:17,865 DEBUG Loaded 5 plugin override configuration(s) from /home/jon/.local/share/EDMarketConnector/plugins/EDMC-ModernOverlay/overlay_groupings.json.
2025-11-09 09:06:59,633 DEBUG Loaded 5 plugin override configuration(s) from /home/jon/.local/share/EDMarketConnector/plugins/EDMC-ModernOverlay/overlay_groupings.json.
2025-11-09 09:07:02,101 DEBUG Loaded 5 plugin override configuration(s) from /home/jon/.local/share/EDMarketConnector/plugins/EDMC-ModernOverlay/overlay_groupings.json.
2025-11-09 09:07:24,331 DEBUG Context menu tracing enabled. Log file: /home/jon/.local/share/EDMarketConnector/plugins/EDMC-ModernOverlay/utils/plugin_group_manager_context.log
2025-11-09 09:07:24,332 DEBUG Loaded 5 plugin override configuration(s) from /home/jon/.local/share/EDMarketConnector/plugins/EDMC-ModernOverlay/overlay_groupings.json.
2025-11-09 09:07:37,424 DEBUG Loaded 5 plugin override configuration(s) from /home/jon/.local/share/EDMarketConnector/plugins/EDMC-ModernOverlay/overlay_groupings.json.
2025-11-09 09:07:40,845 DEBUG Loaded 5 plugin override configuration(s) from /home/jon/.local/share/EDMarketConnector/plugins/EDMC-ModernOverlay/overlay_groupings.json.
2025-11-09 09:07:43,109 DEBUG Loaded 5 plugin override configuration(s) from /home/jon/.local/share/EDMarketConnector/plugins/EDMC-ModernOverlay/overlay_groupings.json.
2025-11-09 09:07:48,896 DEBUG Context menu request: payload=bgstally-frame-info status=Ungrouped target_group=BGS-Tally
2025-11-09 09:07:48,898 DEBUG Adding context entry for grouping 'BGS-Tally Colonisation' in BGS-Tally
2025-11-09 09:07:48,898 DEBUG Adding context entry for grouping 'BGS-Tally System Info' in BGS-Tally
2025-11-09 09:07:48,899 DEBUG Adding context entry for grouping 'BGS-Tally Tick Notifications' in BGS-Tally
2025-11-09 09:07:48,899 DEBUG Posting context menu for payload=bgstally-frame-info with 5 entries
2025-11-09 09:07:49,613 DEBUG Menu click invoking entry 0 (Create new ID Prefix Group in BGS-Tally)
2025-11-09 09:07:49,619 DEBUG Opening NewGroupingDialog from payload for group BGS-Tally with suggestion {'label': 'Bgstally Frame', 'prefixes': ['bgstally-frame-']}
2025-11-09 09:07:53,741 DEBUG Loaded 5 plugin override configuration(s) from /home/jon/.local/share/EDMarketConnector/plugins/EDMC-ModernOverlay/overlay_groupings.json.
2025-11-09 09:07:59,040 DEBUG Loaded 5 plugin override configuration(s) from /home/jon/.local/share/EDMarketConnector/plugins/EDMC-ModernOverlay/overlay_groupings.json.
2025-11-09 09:08:02,477 DEBUG Loaded 5 plugin override configuration(s) from /home/jon/.local/share/EDMarketConnector/plugins/EDMC-ModernOverlay/overlay_groupings.json.
2025-11-09 09:08:16,886 DEBUG Loaded 4 plugin override configuration(s) from /home/jon/.local/share/EDMarketConnector/plugins/EDMC-ModernOverlay/overlay_groupings.json.
2025-11-09 09:09:36,599 DEBUG Context menu request: payload=bioscan_title_0 status=Unmatched target_group=None
2025-11-09 09:09:36,599 DEBUG Posting context menu for payload=bioscan_title_0 with 1 entries
2025-11-09 09:09:37,429 DEBUG Menu click invoking entry 0 (Create new group)
2025-11-09 09:11:28,128 DEBUG Context menu tracing enabled. Log file: /home/jon/.local/share/EDMarketConnector/plugins/EDMC-ModernOverlay/utils/plugin_group_manager_context.log
2025-11-09 09:11:28,129 DEBUG Loaded 4 plugin override configuration(s) from /home/jon/.local/share/EDMarketConnector/plugins/EDMC-ModernOverlay/overlay_groupings.json.
2025-11-09 09:11:33,023 DEBUG Context menu request: payload=bioscan_title_0 status=Unmatched target_group=None
2025-11-09 09:11:33,027 DEBUG Posting context menu for payload=bioscan_title_0 with 1 entries
2025-11-09 09:11:33,996 DEBUG Menu click invoking entry 0 (Create new group)
2025-11-09 09:11:36,340 DEBUG Menu click ignored: no entry at (537,686).
2025-11-09 09:11:37,948 DEBUG Menu click ignored: no entry at (856,-202).
2025-11-09 09:11:39,108 DEBUG Menu click ignored: no entry at (848,-203).
2025-11-09 09:11:40,108 DEBUG Menu click ignored: no entry at (1285,-72).
2025-11-09 09:11:40,620 DEBUG Menu click ignored: no entry at (962,671).
2025-11-09 09:11:43,061 DEBUG Menu click ignored: no entry at (-1002,-294).
2025-11-09 09:11:44,124 DEBUG Menu click ignored: no entry at (-34,-280).
2025-11-09 09:11:45,309 DEBUG Menu click ignored: no entry at (-54,641).
2025-11-09 09:11:45,629 DEBUG Menu click ignored: no entry at (-18,684).
2025-11-09 09:11:45,964 DEBUG Menu click ignored: no entry at (523,784).
2025-11-09 09:11:46,916 DEBUG Menu click ignored: no entry at (-1262,539).
2025-11-09 09:11:47,476 DEBUG Menu click ignored: no entry at (-940,984).
2025-11-09 09:11:48,100 DEBUG Menu click ignored: no entry at (-205,887).
2025-11-09 09:11:48,644 DEBUG Menu click ignored: no entry at (341,779).
2025-11-09 09:11:48,964 DEBUG Menu click ignored: no entry at (383,732).
2025-11-09 09:12:41,976 DEBUG Context menu tracing enabled. Log file: /home/jon/.local/share/EDMarketConnector/plugins/EDMC-ModernOverlay/utils/plugin_group_manager_context.log
2025-11-09 09:12:41,976 DEBUG Loaded 4 plugin override configuration(s) from /home/jon/.local/share/EDMarketConnector/plugins/EDMC-ModernOverlay/overlay_groupings.json.
2025-11-09 09:12:44,626 DEBUG Context menu request: payload=bioscan_title_0 status=Unmatched target_group=None
2025-11-09 09:12:44,629 DEBUG Posting context menu for payload=bioscan_title_0 with 1 entries
2025-11-09 09:12:45,404 DEBUG Menu click invoking entry 0 (Create new group)
2025-11-09 09:12:53,013 DEBUG Context menu suppressed: no row at y=21
2025-11-09 09:12:53,663 DEBUG Context menu request: payload=bioscan_title_0 status=Unmatched target_group=None
2025-11-09 09:12:53,664 DEBUG Posting context menu for payload=bioscan_title_0 with 1 entries
2025-11-09 09:12:54,196 DEBUG Menu click invoking entry 0 (Create new group)
2025-11-09 09:12:55,450 DEBUG Loaded 5 plugin override configuration(s) from /home/jon/.local/share/EDMarketConnector/plugins/EDMC-ModernOverlay/overlay_groupings.json.
2025-11-09 09:12:57,799 DEBUG Context menu request: payload=bioscan_title_0 status=Ungrouped target_group=Bioscan
2025-11-09 09:12:57,799 DEBUG Posting context menu for payload=bioscan_title_0 with 1 entries
2025-11-09 09:12:58,508 DEBUG Menu click invoking entry 0 (Create new ID Prefix Group in Bioscan)
2025-11-09 09:12:58,516 DEBUG Opening NewGroupingDialog from payload for group Bioscan with suggestion {'label': 'Bioscan Title', 'prefixes': ['bioscan_title_']}
2025-11-09 09:13:01,544 DEBUG Loaded 5 plugin override configuration(s) from /home/jon/.local/share/EDMarketConnector/plugins/EDMC-ModernOverlay/overlay_groupings.json.
2025-11-09 09:13:05,326 DEBUG Loaded 4 plugin override configuration(s) from /home/jon/.local/share/EDMarketConnector/plugins/EDMC-ModernOverlay/overlay_groupings.json.
